<?xml version="1.0" encoding="UTF-8"?>
<testsuite name="daily._2023._03.Day_21_Tue" tests="1" skipped="0" failures="0" errors="0" timestamp="2023-03-21T11:11:06" hostname="gimseol-yeong-ui-MacBookPro.local" time="0.025">
  <properties/>
  <testcase name="test()" classname="daily._2023._03.Day_21_Tue" time="0.025"/>
  <system-out><![CDATA[]]></system-out>
  <system-err><![CDATA[]]></system-err>
</testsuite>
