<?xml version="1.0" encoding="UTF-8"?>
<testsuite name="daily._2023._06.Day_05" tests="1" skipped="0" failures="0" errors="0" timestamp="2023-06-05T01:10:16" hostname="gimseol-yeong-ui-MacBookPro.local" time="0.02">
  <properties/>
  <testcase name="test()" classname="daily._2023._06.Day_05" time="0.02"/>
  <system-out><![CDATA[]]></system-out>
  <system-err><![CDATA[]]></system-err>
</testsuite>
