<?xml version="1.0" encoding="UTF-8"?>
<testsuite name="daily._2023._05.Day_12" tests="1" skipped="0" failures="0" errors="0" timestamp="2023-05-12T12:50:34" hostname="gimseol-yeong-ui-MacBookPro.local" time="385.305">
  <properties/>
  <testcase name="test()" classname="daily._2023._05.Day_12" time="385.305"/>
  <system-out><![CDATA[]]></system-out>
  <system-err><![CDATA[]]></system-err>
</testsuite>
