<?xml version="1.0" encoding="UTF-8"?>
<testsuite name="daily._2023._04.Day_28" tests="1" skipped="0" failures="0" errors="0" timestamp="2023-04-28T01:09:37" hostname="gimseol-yeong-ui-MacBookPro.local" time="0.023">
  <properties/>
  <testcase name="test()" classname="daily._2023._04.Day_28" time="0.023"/>
  <system-out><![CDATA[]]></system-out>
  <system-err><![CDATA[]]></system-err>
</testsuite>
