<?xml version="1.0" encoding="UTF-8"?>
<testsuite name="daily._2023._03.Day_23_Thu" tests="1" skipped="0" failures="0" errors="0" timestamp="2023-03-23T12:53:29" hostname="gimseol-yeong-ui-MacBookPro.local" time="0.023">
  <properties/>
  <testcase name="test()" classname="daily._2023._03.Day_23_Thu" time="0.023"/>
  <system-out><![CDATA[]]></system-out>
  <system-err><![CDATA[]]></system-err>
</testsuite>
