<?xml version="1.0" encoding="UTF-8"?>
<testsuite name="daily._2023._05.Day_15" tests="1" skipped="0" failures="0" errors="0" timestamp="2023-05-15T02:01:48" hostname="gimseol-yeong-ui-MacBookPro.local" time="0.005">
  <properties/>
  <testcase name="test3()" classname="daily._2023._05.Day_15" time="0.005"/>
  <system-out><![CDATA[1
2
2
1
]]></system-out>
  <system-err><![CDATA[]]></system-err>
</testsuite>
