<?xml version="1.0" encoding="UTF-8"?>
<testsuite name="daily._2023._05.Day_29" tests="1" skipped="0" failures="0" errors="0" timestamp="2023-05-31T00:40:16" hostname="gimseol-yeong-ui-MacBookPro.local" time="0.021">
  <properties/>
  <testcase name="test()" classname="daily._2023._05.Day_29" time="0.021"/>
  <system-out><![CDATA[]]></system-out>
  <system-err><![CDATA[]]></system-err>
</testsuite>
