<?xml version="1.0" encoding="UTF-8"?>
<testsuite name="daily._2023._04.Day_29" tests="1" skipped="0" failures="0" errors="0" timestamp="2023-04-29T11:22:18" hostname="gimseol-yeong-ui-MacBookPro.local" time="0.024">
  <properties/>
  <testcase name="test()" classname="daily._2023._04.Day_29" time="0.024"/>
  <system-out><![CDATA[]]></system-out>
  <system-err><![CDATA[]]></system-err>
</testsuite>
