<?xml version="1.0" encoding="UTF-8"?>
<testsuite name="daily._2023._04.Day_24" tests="1" skipped="0" failures="0" errors="0" timestamp="2023-04-24T01:24:25" hostname="gimseol-yeong-ui-MacBookPro.local" time="0.005">
  <properties/>
  <testcase name="test()" classname="daily._2023._04.Day_24" time="0.005"/>
  <system-out><![CDATA[1
]]></system-out>
  <system-err><![CDATA[]]></system-err>
</testsuite>
