<?xml version="1.0" encoding="UTF-8"?>
<testsuite name="daily._2023._05.Day_22" tests="1" skipped="0" failures="0" errors="0" timestamp="2023-05-22T01:00:01" hostname="gimseol-yeong-ui-MacBookPro.local" time="0.022">
  <properties/>
  <testcase name="test2()" classname="daily._2023._05.Day_22" time="0.022"/>
  <system-out><![CDATA[]]></system-out>
  <system-err><![CDATA[]]></system-err>
</testsuite>
