<?xml version="1.0" encoding="UTF-8"?>
<testsuite name="daily._2023._05.Day_17" tests="1" skipped="0" failures="0" errors="0" timestamp="2023-05-17T00:40:52" hostname="gimseol-yeong-ui-MacBookPro.local" time="0.023">
  <properties/>
  <testcase name="test3()" classname="daily._2023._05.Day_17" time="0.023"/>
  <system-out><![CDATA[]]></system-out>
  <system-err><![CDATA[]]></system-err>
</testsuite>
