<?xml version="1.0" encoding="UTF-8"?>
<testsuite name="daily._2023._05.Day_13" tests="1" skipped="0" failures="0" errors="0" timestamp="2023-05-13T03:27:11" hostname="gimseol-yeong-ui-MacBookPro.local" time="281.766">
  <properties/>
  <testcase name="test()" classname="daily._2023._05.Day_13" time="281.766"/>
  <system-out><![CDATA[]]></system-out>
  <system-err><![CDATA[]]></system-err>
</testsuite>
