<?xml version="1.0" encoding="UTF-8"?>
<testsuite name="daily._2023._05.Day_07" tests="1" skipped="0" failures="0" errors="0" timestamp="2023-05-07T04:21:14" hostname="gimseol-yeong-ui-MacBookPro.local" time="1098.992">
  <properties/>
  <testcase name="test()" classname="daily._2023._05.Day_07" time="1098.992"/>
  <system-out><![CDATA[]]></system-out>
  <system-err><![CDATA[]]></system-err>
</testsuite>
