<?xml version="1.0" encoding="UTF-8"?>
<testsuite name="daily._2023._04.Day_27" tests="1" skipped="0" failures="0" errors="0" timestamp="2023-04-27T01:10:19" hostname="gimseol-yeong-ui-MacBookPro.local" time="4.364">
  <properties/>
  <testcase name="test()" classname="daily._2023._04.Day_27" time="4.364"/>
  <system-out><![CDATA[]]></system-out>
  <system-err><![CDATA[]]></system-err>
</testsuite>
